[0.152s] DEBUG:colcon:Command line arguments: ['/usr/bin/colcon', 'build']
[0.152s] DEBUG:colcon:Parsed command line arguments: Namespace(allow_overriding=[], ament_cmake_args=None, base_paths=['.'], build_base='build', catkin_cmake_args=None, catkin_skip_building_tests=False, cmake_args=None, cmake_clean_cache=False, cmake_clean_first=False, cmake_force_configure=False, cmake_target=None, cmake_target_skip_unavailable=False, continue_on_error=False, event_handlers=None, executor='parallel', ignore_user_meta=False, install_base='install', log_base=None, log_level=None, main=<bound method BuildVerb.main of <colcon_core.verb.build.BuildVerb object at 0x7f67d4f66640>>, merge_install=False, metas=['./colcon.meta'], packages_above=None, packages_above_and_dependencies=None, packages_above_depth=None, packages_end=None, packages_ignore=None, packages_ignore_regex=None, packages_select=None, packages_select_build_failed=False, packages_select_by_dep=None, packages_select_regex=None, packages_select_test_failures=False, packages_skip=None, packages_skip_build_finished=False, packages_skip_by_dep=None, packages_skip_regex=None, packages_skip_test_passed=False, packages_skip_up_to=None, packages_start=None, packages_up_to=None, packages_up_to_regex=None, parallel_workers=12, paths=None, symlink_install=False, test_result_base=None, verb_extension=<colcon_core.verb.build.BuildVerb object at 0x7f67d4f66640>, verb_name='build', verb_parser=<colcon_defaults.argument_parser.defaults.DefaultArgumentsDecorator object at 0x7f67d4f66b80>)
[0.172s] Level 1:colcon.colcon_core.package_discovery:discover_packages(colcon_meta) check parameters
[0.172s] Level 1:colcon.colcon_core.package_discovery:discover_packages(recursive) check parameters
[0.172s] Level 1:colcon.colcon_core.package_discovery:discover_packages(ignore) check parameters
[0.172s] Level 1:colcon.colcon_core.package_discovery:discover_packages(path) check parameters
[0.172s] Level 1:colcon.colcon_core.package_discovery:discover_packages(colcon_meta) discover
[0.172s] Level 1:colcon.colcon_core.package_discovery:discover_packages(recursive) discover
[0.172s] INFO:colcon.colcon_core.package_discovery:Crawling recursively for packages in '/home/edw/Documents/uwrt/software_challenge'
[0.172s] Level 1:colcon.colcon_core.package_identification:_identify(.) by extensions ['ignore', 'ignore_ament_install']
[0.173s] Level 1:colcon.colcon_core.package_identification:_identify(.) by extension 'ignore'
[0.173s] Level 1:colcon.colcon_core.package_identification:_identify(.) by extension 'ignore_ament_install'
[0.173s] Level 1:colcon.colcon_core.package_identification:_identify(.) by extensions ['colcon_pkg']
[0.173s] Level 1:colcon.colcon_core.package_identification:_identify(.) by extension 'colcon_pkg'
[0.173s] Level 1:colcon.colcon_core.package_identification:_identify(.) by extensions ['colcon_meta']
[0.173s] Level 1:colcon.colcon_core.package_identification:_identify(.) by extension 'colcon_meta'
[0.173s] Level 1:colcon.colcon_core.package_identification:_identify(.) by extensions ['ros']
[0.173s] Level 1:colcon.colcon_core.package_identification:_identify(.) by extension 'ros'
[0.234s] Level 1:colcon.colcon_core.package_identification:_identify(.) by extensions ['cmake', 'python']
[0.234s] Level 1:colcon.colcon_core.package_identification:_identify(.) by extension 'cmake'
[0.234s] Level 1:colcon.colcon_core.package_identification:_identify(.) by extension 'python'
[0.234s] Level 1:colcon.colcon_core.package_identification:_identify(.) by extensions ['python_setup_py']
[0.234s] Level 1:colcon.colcon_core.package_identification:_identify(.) by extension 'python_setup_py'
[0.234s] Level 1:colcon.colcon_core.package_identification:_identify(build) by extensions ['ignore', 'ignore_ament_install']
[0.234s] Level 1:colcon.colcon_core.package_identification:_identify(build) by extension 'ignore'
[0.234s] Level 1:colcon.colcon_core.package_identification:_identify(build) ignored
[0.235s] Level 1:colcon.colcon_core.package_identification:_identify(install) by extensions ['ignore', 'ignore_ament_install']
[0.235s] Level 1:colcon.colcon_core.package_identification:_identify(install) by extension 'ignore'
[0.235s] Level 1:colcon.colcon_core.package_identification:_identify(install) ignored
[0.235s] Level 1:colcon.colcon_core.package_identification:_identify(log) by extensions ['ignore', 'ignore_ament_install']
[0.235s] Level 1:colcon.colcon_core.package_identification:_identify(log) by extension 'ignore'
[0.235s] Level 1:colcon.colcon_core.package_identification:_identify(log) ignored
[0.235s] Level 1:colcon.colcon_core.package_identification:_identify(src) by extensions ['ignore', 'ignore_ament_install']
[0.235s] Level 1:colcon.colcon_core.package_identification:_identify(src) by extension 'ignore'
[0.235s] Level 1:colcon.colcon_core.package_identification:_identify(src) by extension 'ignore_ament_install'
[0.235s] Level 1:colcon.colcon_core.package_identification:_identify(src) by extensions ['colcon_pkg']
[0.235s] Level 1:colcon.colcon_core.package_identification:_identify(src) by extension 'colcon_pkg'
[0.235s] Level 1:colcon.colcon_core.package_identification:_identify(src) by extensions ['colcon_meta']
[0.235s] Level 1:colcon.colcon_core.package_identification:_identify(src) by extension 'colcon_meta'
[0.235s] Level 1:colcon.colcon_core.package_identification:_identify(src) by extensions ['ros']
[0.235s] Level 1:colcon.colcon_core.package_identification:_identify(src) by extension 'ros'
[0.235s] Level 1:colcon.colcon_core.package_identification:_identify(src) by extensions ['cmake', 'python']
[0.235s] Level 1:colcon.colcon_core.package_identification:_identify(src) by extension 'cmake'
[0.236s] Level 1:colcon.colcon_core.package_identification:_identify(src) by extension 'python'
[0.236s] Level 1:colcon.colcon_core.package_identification:_identify(src) by extensions ['python_setup_py']
[0.236s] Level 1:colcon.colcon_core.package_identification:_identify(src) by extension 'python_setup_py'
[0.236s] Level 1:colcon.colcon_core.package_identification:_identify(src/software_training) by extensions ['ignore', 'ignore_ament_install']
[0.236s] Level 1:colcon.colcon_core.package_identification:_identify(src/software_training) by extension 'ignore'
[0.236s] Level 1:colcon.colcon_core.package_identification:_identify(src/software_training) by extension 'ignore_ament_install'
[0.236s] Level 1:colcon.colcon_core.package_identification:_identify(src/software_training) by extensions ['colcon_pkg']
[0.236s] Level 1:colcon.colcon_core.package_identification:_identify(src/software_training) by extension 'colcon_pkg'
[0.236s] Level 1:colcon.colcon_core.package_identification:_identify(src/software_training) by extensions ['colcon_meta']
[0.236s] Level 1:colcon.colcon_core.package_identification:_identify(src/software_training) by extension 'colcon_meta'
[0.236s] Level 1:colcon.colcon_core.package_identification:_identify(src/software_training) by extensions ['ros']
[0.236s] Level 1:colcon.colcon_core.package_identification:_identify(src/software_training) by extension 'ros'
[0.238s] DEBUG:colcon.colcon_core.package_identification:Package 'src/software_training' with type 'ros.ament_cmake' and name 'software_training'
[0.238s] Level 1:colcon.colcon_core.package_discovery:discover_packages(recursive) using defaults
[0.238s] Level 1:colcon.colcon_core.package_discovery:discover_packages(ignore) discover
[0.238s] Level 1:colcon.colcon_core.package_discovery:discover_packages(ignore) using defaults
[0.238s] Level 1:colcon.colcon_core.package_discovery:discover_packages(path) discover
[0.238s] Level 1:colcon.colcon_core.package_discovery:discover_packages(path) using defaults
[0.255s] Level 1:colcon.colcon_core.package_discovery:discover_packages(prefix_path) check parameters
[0.255s] Level 1:colcon.colcon_core.package_discovery:discover_packages(prefix_path) discover
[0.258s] DEBUG:colcon.colcon_installed_package_information.package_discovery:Found 268 installed packages in /opt/ros/galactic
[0.261s] Level 1:colcon.colcon_core.package_discovery:discover_packages(prefix_path) using defaults
[0.337s] Level 5:colcon.colcon_core.verb:set package 'software_training' build argument 'cmake_args' from command line to 'None'
[0.337s] Level 5:colcon.colcon_core.verb:set package 'software_training' build argument 'cmake_target' from command line to 'None'
[0.337s] Level 5:colcon.colcon_core.verb:set package 'software_training' build argument 'cmake_target_skip_unavailable' from command line to 'False'
[0.337s] Level 5:colcon.colcon_core.verb:set package 'software_training' build argument 'cmake_clean_cache' from command line to 'False'
[0.337s] Level 5:colcon.colcon_core.verb:set package 'software_training' build argument 'cmake_clean_first' from command line to 'False'
[0.337s] Level 5:colcon.colcon_core.verb:set package 'software_training' build argument 'cmake_force_configure' from command line to 'False'
[0.337s] Level 5:colcon.colcon_core.verb:set package 'software_training' build argument 'ament_cmake_args' from command line to 'None'
[0.337s] Level 5:colcon.colcon_core.verb:set package 'software_training' build argument 'catkin_cmake_args' from command line to 'None'
[0.337s] Level 5:colcon.colcon_core.verb:set package 'software_training' build argument 'catkin_skip_building_tests' from command line to 'False'
[0.337s] DEBUG:colcon.colcon_core.verb:Building package 'software_training' with the following arguments: {'ament_cmake_args': None, 'build_base': '/home/edw/Documents/uwrt/software_challenge/build/software_training', 'catkin_cmake_args': None, 'catkin_skip_building_tests': False, 'cmake_args': None, 'cmake_clean_cache': False, 'cmake_clean_first': False, 'cmake_force_configure': False, 'cmake_target': None, 'cmake_target_skip_unavailable': False, 'install_base': '/home/edw/Documents/uwrt/software_challenge/install/software_training', 'merge_install': False, 'path': '/home/edw/Documents/uwrt/software_challenge/src/software_training', 'symlink_install': False, 'test_result_base': None}
[0.338s] INFO:colcon.colcon_core.executor:Executing jobs using 'parallel' executor
[0.342s] DEBUG:colcon.colcon_parallel_executor.executor.parallel:run_until_complete
[0.343s] INFO:colcon.colcon_ros.task.ament_cmake.build:Building ROS package in '/home/edw/Documents/uwrt/software_challenge/src/software_training' with build type 'ament_cmake'
[0.343s] INFO:colcon.colcon_cmake.task.cmake.build:Building CMake package in '/home/edw/Documents/uwrt/software_challenge/src/software_training'
[0.347s] INFO:colcon.colcon_core.plugin_system:Skipping extension 'colcon_core.shell.bat': Not used on non-Windows systems
[0.347s] INFO:colcon.colcon_core.shell:Skip shell extension 'powershell' for command environment: Not usable outside of PowerShell
[0.347s] DEBUG:colcon.colcon_core.shell:Skip shell extension 'dsv' for command environment
[0.366s] DEBUG:colcon.colcon_core.event_handler.log_command:Invoking command in '/home/edw/Documents/uwrt/software_challenge/build/software_training': CMAKE_PREFIX_PATH=/opt/ros/galactic CONDA_PROMPT_MODIFIER=(base) /usr/local/bin/cmake --build /home/edw/Documents/uwrt/software_challenge/build/software_training -- -j12 -l12
[0.858s] DEBUG:colcon.colcon_core.event_handler.log_command:Invoked command in '/home/edw/Documents/uwrt/software_challenge/build/software_training' returned '0': CMAKE_PREFIX_PATH=/opt/ros/galactic CONDA_PROMPT_MODIFIER=(base) /usr/local/bin/cmake --build /home/edw/Documents/uwrt/software_challenge/build/software_training -- -j12 -l12
[0.901s] DEBUG:colcon.colcon_core.event_handler.log_command:Invoking command in '/home/edw/Documents/uwrt/software_challenge/build/software_training': CMAKE_PREFIX_PATH=/opt/ros/galactic CONDA_PROMPT_MODIFIER=(base) /usr/local/bin/cmake --install /home/edw/Documents/uwrt/software_challenge/build/software_training
[0.912s] Level 1:colcon.colcon_core.environment:create_environment_scripts_only(software_training)
[0.917s] DEBUG:colcon.colcon_core.event_handler.log_command:Invoked command in '/home/edw/Documents/uwrt/software_challenge/build/software_training' returned '0': CMAKE_PREFIX_PATH=/opt/ros/galactic CONDA_PROMPT_MODIFIER=(base) /usr/local/bin/cmake --install /home/edw/Documents/uwrt/software_challenge/build/software_training
[0.922s] Level 1:colcon.colcon_core.environment:checking '/home/edw/Documents/uwrt/software_challenge/install/software_training' for CMake module files
[0.923s] Level 1:colcon.colcon_core.environment:checking '/home/edw/Documents/uwrt/software_challenge/install/software_training' for CMake config files
[0.923s] Level 1:colcon.colcon_core.shell:create_environment_hook('software_training', 'cmake_prefix_path')
[0.925s] INFO:colcon.colcon_core.shell:Creating environment hook '/home/edw/Documents/uwrt/software_challenge/install/software_training/share/software_training/hook/cmake_prefix_path.ps1'
[0.926s] INFO:colcon.colcon_core.shell:Creating environment descriptor '/home/edw/Documents/uwrt/software_challenge/install/software_training/share/software_training/hook/cmake_prefix_path.dsv'
[0.926s] INFO:colcon.colcon_core.shell:Creating environment hook '/home/edw/Documents/uwrt/software_challenge/install/software_training/share/software_training/hook/cmake_prefix_path.sh'
[0.927s] Level 1:colcon.colcon_core.environment:checking '/home/edw/Documents/uwrt/software_challenge/install/software_training/lib'
[0.927s] Level 1:colcon.colcon_core.environment:checking '/home/edw/Documents/uwrt/software_challenge/install/software_training/bin'
[0.927s] Level 1:colcon.colcon_core.environment:checking '/home/edw/Documents/uwrt/software_challenge/install/software_training/lib/pkgconfig/software_training.pc'
[0.928s] Level 1:colcon.colcon_core.environment:checking '/home/edw/Documents/uwrt/software_challenge/install/software_training/lib/python3.8/site-packages'
[0.928s] Level 1:colcon.colcon_core.environment:checking '/home/edw/Documents/uwrt/software_challenge/install/software_training/bin'
[0.929s] INFO:colcon.colcon_core.shell:Creating package script '/home/edw/Documents/uwrt/software_challenge/install/software_training/share/software_training/package.ps1'
[0.930s] INFO:colcon.colcon_core.shell:Creating package descriptor '/home/edw/Documents/uwrt/software_challenge/install/software_training/share/software_training/package.dsv'
[0.930s] INFO:colcon.colcon_core.shell:Creating package script '/home/edw/Documents/uwrt/software_challenge/install/software_training/share/software_training/package.sh'
[0.931s] INFO:colcon.colcon_core.shell:Creating package script '/home/edw/Documents/uwrt/software_challenge/install/software_training/share/software_training/package.bash'
[0.932s] INFO:colcon.colcon_core.shell:Creating package script '/home/edw/Documents/uwrt/software_challenge/install/software_training/share/software_training/package.zsh'
[0.932s] Level 1:colcon.colcon_core.environment:create_file_with_runtime_dependencies(/home/edw/Documents/uwrt/software_challenge/install/software_training/share/colcon-core/packages/software_training)
[0.964s] Level 1:colcon.colcon_core.environment:create_environment_scripts_only(software_training)
[0.967s] Level 1:colcon.colcon_core.environment:checking '/home/edw/Documents/uwrt/software_challenge/install/software_training' for CMake module files
[0.968s] Level 1:colcon.colcon_core.environment:checking '/home/edw/Documents/uwrt/software_challenge/install/software_training' for CMake config files
[0.968s] Level 1:colcon.colcon_core.shell:create_environment_hook('software_training', 'cmake_prefix_path')
[0.970s] INFO:colcon.colcon_core.shell:Creating environment hook '/home/edw/Documents/uwrt/software_challenge/install/software_training/share/software_training/hook/cmake_prefix_path.ps1'
[0.971s] INFO:colcon.colcon_core.shell:Creating environment descriptor '/home/edw/Documents/uwrt/software_challenge/install/software_training/share/software_training/hook/cmake_prefix_path.dsv'
[0.971s] INFO:colcon.colcon_core.shell:Creating environment hook '/home/edw/Documents/uwrt/software_challenge/install/software_training/share/software_training/hook/cmake_prefix_path.sh'
[0.972s] Level 1:colcon.colcon_core.environment:checking '/home/edw/Documents/uwrt/software_challenge/install/software_training/lib'
[0.972s] Level 1:colcon.colcon_core.environment:checking '/home/edw/Documents/uwrt/software_challenge/install/software_training/bin'
[0.972s] Level 1:colcon.colcon_core.environment:checking '/home/edw/Documents/uwrt/software_challenge/install/software_training/lib/pkgconfig/software_training.pc'
[0.972s] Level 1:colcon.colcon_core.environment:checking '/home/edw/Documents/uwrt/software_challenge/install/software_training/lib/python3.8/site-packages'
[0.972s] Level 1:colcon.colcon_core.environment:checking '/home/edw/Documents/uwrt/software_challenge/install/software_training/bin'
[0.974s] INFO:colcon.colcon_core.shell:Creating package script '/home/edw/Documents/uwrt/software_challenge/install/software_training/share/software_training/package.ps1'
[0.975s] INFO:colcon.colcon_core.shell:Creating package descriptor '/home/edw/Documents/uwrt/software_challenge/install/software_training/share/software_training/package.dsv'
[0.975s] INFO:colcon.colcon_core.shell:Creating package script '/home/edw/Documents/uwrt/software_challenge/install/software_training/share/software_training/package.sh'
[0.976s] INFO:colcon.colcon_core.shell:Creating package script '/home/edw/Documents/uwrt/software_challenge/install/software_training/share/software_training/package.bash'
[0.976s] INFO:colcon.colcon_core.shell:Creating package script '/home/edw/Documents/uwrt/software_challenge/install/software_training/share/software_training/package.zsh'
[0.976s] Level 1:colcon.colcon_core.environment:create_file_with_runtime_dependencies(/home/edw/Documents/uwrt/software_challenge/install/software_training/share/colcon-core/packages/software_training)
[0.977s] DEBUG:colcon.colcon_parallel_executor.executor.parallel:closing loop
[0.977s] DEBUG:colcon.colcon_parallel_executor.executor.parallel:loop closed
[0.977s] DEBUG:colcon.colcon_parallel_executor.executor.parallel:run_until_complete finished with '0'
[0.977s] DEBUG:colcon.colcon_core.event_reactor:joining thread
[0.988s] INFO:colcon.colcon_core.plugin_system:Skipping extension 'colcon_notification.desktop_notification.terminal_notifier': Not used on non-Darwin systems
[0.988s] INFO:colcon.colcon_core.plugin_system:Skipping extension 'colcon_notification.desktop_notification.win32': Not used on non-Windows systems
[0.988s] INFO:colcon.colcon_notification.desktop_notification:Sending desktop notification using 'notify2'
[1.011s] DEBUG:colcon.colcon_core.event_reactor:joined thread
[1.015s] INFO:colcon.colcon_core.shell:Creating prefix script '/home/edw/Documents/uwrt/software_challenge/install/local_setup.ps1'
[1.016s] INFO:colcon.colcon_core.shell:Creating prefix util module '/home/edw/Documents/uwrt/software_challenge/install/_local_setup_util_ps1.py'
[1.019s] INFO:colcon.colcon_core.shell:Creating prefix chain script '/home/edw/Documents/uwrt/software_challenge/install/setup.ps1'
[1.021s] INFO:colcon.colcon_core.shell:Creating prefix script '/home/edw/Documents/uwrt/software_challenge/install/local_setup.sh'
[1.022s] INFO:colcon.colcon_core.shell:Creating prefix util module '/home/edw/Documents/uwrt/software_challenge/install/_local_setup_util_sh.py'
[1.022s] INFO:colcon.colcon_core.shell:Creating prefix chain script '/home/edw/Documents/uwrt/software_challenge/install/setup.sh'
[1.023s] INFO:colcon.colcon_core.shell:Creating prefix script '/home/edw/Documents/uwrt/software_challenge/install/local_setup.bash'
[1.024s] INFO:colcon.colcon_core.shell:Creating prefix chain script '/home/edw/Documents/uwrt/software_challenge/install/setup.bash'
[1.025s] INFO:colcon.colcon_core.shell:Creating prefix script '/home/edw/Documents/uwrt/software_challenge/install/local_setup.zsh'
[1.025s] INFO:colcon.colcon_core.shell:Creating prefix chain script '/home/edw/Documents/uwrt/software_challenge/install/setup.zsh'
