[0.149s] DEBUG:colcon:Command line arguments: ['/usr/bin/colcon', 'build']
[0.149s] DEBUG:colcon:Parsed command line arguments: Namespace(allow_overriding=[], ament_cmake_args=None, base_paths=['.'], build_base='build', catkin_cmake_args=None, catkin_skip_building_tests=False, cmake_args=None, cmake_clean_cache=False, cmake_clean_first=False, cmake_force_configure=False, cmake_target=None, cmake_target_skip_unavailable=False, continue_on_error=False, event_handlers=None, executor='parallel', ignore_user_meta=False, install_base='install', log_base=None, log_level=None, main=<bound method BuildVerb.main of <colcon_core.verb.build.BuildVerb object at 0x7fe52a10c700>>, merge_install=False, metas=['./colcon.meta'], packages_above=None, packages_above_and_dependencies=None, packages_above_depth=None, packages_end=None, packages_ignore=None, packages_ignore_regex=None, packages_select=None, packages_select_build_failed=False, packages_select_by_dep=None, packages_select_regex=None, packages_select_test_failures=False, packages_skip=None, packages_skip_build_finished=False, packages_skip_by_dep=None, packages_skip_regex=None, packages_skip_test_passed=False, packages_skip_up_to=None, packages_start=None, packages_up_to=None, packages_up_to_regex=None, parallel_workers=12, paths=None, symlink_install=False, test_result_base=None, verb_extension=<colcon_core.verb.build.BuildVerb object at 0x7fe52a10c700>, verb_name='build', verb_parser=<colcon_defaults.argument_parser.defaults.DefaultArgumentsDecorator object at 0x7fe52a10cc40>)
[0.169s] Level 1:colcon.colcon_core.package_discovery:discover_packages(colcon_meta) check parameters
[0.169s] Level 1:colcon.colcon_core.package_discovery:discover_packages(recursive) check parameters
[0.169s] Level 1:colcon.colcon_core.package_discovery:discover_packages(ignore) check parameters
[0.169s] Level 1:colcon.colcon_core.package_discovery:discover_packages(path) check parameters
[0.169s] Level 1:colcon.colcon_core.package_discovery:discover_packages(colcon_meta) discover
[0.169s] Level 1:colcon.colcon_core.package_discovery:discover_packages(recursive) discover
[0.169s] INFO:colcon.colcon_core.package_discovery:Crawling recursively for packages in '/home/edw/Documents/uwrt/software_challenge'
[0.169s] Level 1:colcon.colcon_core.package_identification:_identify(.) by extensions ['ignore', 'ignore_ament_install']
[0.169s] Level 1:colcon.colcon_core.package_identification:_identify(.) by extension 'ignore'
[0.170s] Level 1:colcon.colcon_core.package_identification:_identify(.) by extension 'ignore_ament_install'
[0.170s] Level 1:colcon.colcon_core.package_identification:_identify(.) by extensions ['colcon_pkg']
[0.170s] Level 1:colcon.colcon_core.package_identification:_identify(.) by extension 'colcon_pkg'
[0.170s] Level 1:colcon.colcon_core.package_identification:_identify(.) by extensions ['colcon_meta']
[0.170s] Level 1:colcon.colcon_core.package_identification:_identify(.) by extension 'colcon_meta'
[0.170s] Level 1:colcon.colcon_core.package_identification:_identify(.) by extensions ['ros']
[0.170s] Level 1:colcon.colcon_core.package_identification:_identify(.) by extension 'ros'
[0.233s] Level 1:colcon.colcon_core.package_identification:_identify(.) by extensions ['cmake', 'python']
[0.233s] Level 1:colcon.colcon_core.package_identification:_identify(.) by extension 'cmake'
[0.233s] Level 1:colcon.colcon_core.package_identification:_identify(.) by extension 'python'
[0.233s] Level 1:colcon.colcon_core.package_identification:_identify(.) by extensions ['python_setup_py']
[0.234s] Level 1:colcon.colcon_core.package_identification:_identify(.) by extension 'python_setup_py'
[0.234s] Level 1:colcon.colcon_core.package_identification:_identify(build) by extensions ['ignore', 'ignore_ament_install']
[0.234s] Level 1:colcon.colcon_core.package_identification:_identify(build) by extension 'ignore'
[0.234s] Level 1:colcon.colcon_core.package_identification:_identify(build) ignored
[0.234s] Level 1:colcon.colcon_core.package_identification:_identify(install) by extensions ['ignore', 'ignore_ament_install']
[0.234s] Level 1:colcon.colcon_core.package_identification:_identify(install) by extension 'ignore'
[0.234s] Level 1:colcon.colcon_core.package_identification:_identify(install) ignored
[0.234s] Level 1:colcon.colcon_core.package_identification:_identify(log) by extensions ['ignore', 'ignore_ament_install']
[0.234s] Level 1:colcon.colcon_core.package_identification:_identify(log) by extension 'ignore'
[0.234s] Level 1:colcon.colcon_core.package_identification:_identify(log) ignored
[0.234s] Level 1:colcon.colcon_core.package_identification:_identify(src) by extensions ['ignore', 'ignore_ament_install']
[0.234s] Level 1:colcon.colcon_core.package_identification:_identify(src) by extension 'ignore'
[0.235s] Level 1:colcon.colcon_core.package_identification:_identify(src) by extension 'ignore_ament_install'
[0.235s] Level 1:colcon.colcon_core.package_identification:_identify(src) by extensions ['colcon_pkg']
[0.235s] Level 1:colcon.colcon_core.package_identification:_identify(src) by extension 'colcon_pkg'
[0.235s] Level 1:colcon.colcon_core.package_identification:_identify(src) by extensions ['colcon_meta']
[0.235s] Level 1:colcon.colcon_core.package_identification:_identify(src) by extension 'colcon_meta'
[0.235s] Level 1:colcon.colcon_core.package_identification:_identify(src) by extensions ['ros']
[0.235s] Level 1:colcon.colcon_core.package_identification:_identify(src) by extension 'ros'
[0.235s] Level 1:colcon.colcon_core.package_identification:_identify(src) by extensions ['cmake', 'python']
[0.235s] Level 1:colcon.colcon_core.package_identification:_identify(src) by extension 'cmake'
[0.235s] Level 1:colcon.colcon_core.package_identification:_identify(src) by extension 'python'
[0.235s] Level 1:colcon.colcon_core.package_identification:_identify(src) by extensions ['python_setup_py']
[0.235s] Level 1:colcon.colcon_core.package_identification:_identify(src) by extension 'python_setup_py'
[0.235s] Level 1:colcon.colcon_core.package_identification:_identify(src/software_training) by extensions ['ignore', 'ignore_ament_install']
[0.235s] Level 1:colcon.colcon_core.package_identification:_identify(src/software_training) by extension 'ignore'
[0.235s] Level 1:colcon.colcon_core.package_identification:_identify(src/software_training) by extension 'ignore_ament_install'
[0.235s] Level 1:colcon.colcon_core.package_identification:_identify(src/software_training) by extensions ['colcon_pkg']
[0.235s] Level 1:colcon.colcon_core.package_identification:_identify(src/software_training) by extension 'colcon_pkg'
[0.235s] Level 1:colcon.colcon_core.package_identification:_identify(src/software_training) by extensions ['colcon_meta']
[0.235s] Level 1:colcon.colcon_core.package_identification:_identify(src/software_training) by extension 'colcon_meta'
[0.236s] Level 1:colcon.colcon_core.package_identification:_identify(src/software_training) by extensions ['ros']
[0.236s] Level 1:colcon.colcon_core.package_identification:_identify(src/software_training) by extension 'ros'
[0.238s] DEBUG:colcon.colcon_core.package_identification:Package 'src/software_training' with type 'ros.ament_cmake' and name 'software_training'
[0.238s] Level 1:colcon.colcon_core.package_discovery:discover_packages(recursive) using defaults
[0.238s] Level 1:colcon.colcon_core.package_discovery:discover_packages(ignore) discover
[0.238s] Level 1:colcon.colcon_core.package_discovery:discover_packages(ignore) using defaults
[0.238s] Level 1:colcon.colcon_core.package_discovery:discover_packages(path) discover
[0.238s] Level 1:colcon.colcon_core.package_discovery:discover_packages(path) using defaults
[0.257s] Level 1:colcon.colcon_core.package_discovery:discover_packages(prefix_path) check parameters
[0.257s] Level 1:colcon.colcon_core.package_discovery:discover_packages(prefix_path) discover
[0.260s] DEBUG:colcon.colcon_installed_package_information.package_discovery:Found 268 installed packages in /opt/ros/galactic
[0.262s] Level 1:colcon.colcon_core.package_discovery:discover_packages(prefix_path) using defaults
[0.340s] Level 5:colcon.colcon_core.verb:set package 'software_training' build argument 'cmake_args' from command line to 'None'
[0.340s] Level 5:colcon.colcon_core.verb:set package 'software_training' build argument 'cmake_target' from command line to 'None'
[0.340s] Level 5:colcon.colcon_core.verb:set package 'software_training' build argument 'cmake_target_skip_unavailable' from command line to 'False'
[0.340s] Level 5:colcon.colcon_core.verb:set package 'software_training' build argument 'cmake_clean_cache' from command line to 'False'
[0.340s] Level 5:colcon.colcon_core.verb:set package 'software_training' build argument 'cmake_clean_first' from command line to 'False'
[0.340s] Level 5:colcon.colcon_core.verb:set package 'software_training' build argument 'cmake_force_configure' from command line to 'False'
[0.340s] Level 5:colcon.colcon_core.verb:set package 'software_training' build argument 'ament_cmake_args' from command line to 'None'
[0.340s] Level 5:colcon.colcon_core.verb:set package 'software_training' build argument 'catkin_cmake_args' from command line to 'None'
[0.340s] Level 5:colcon.colcon_core.verb:set package 'software_training' build argument 'catkin_skip_building_tests' from command line to 'False'
[0.340s] DEBUG:colcon.colcon_core.verb:Building package 'software_training' with the following arguments: {'ament_cmake_args': None, 'build_base': '/home/edw/Documents/uwrt/software_challenge/build/software_training', 'catkin_cmake_args': None, 'catkin_skip_building_tests': False, 'cmake_args': None, 'cmake_clean_cache': False, 'cmake_clean_first': False, 'cmake_force_configure': False, 'cmake_target': None, 'cmake_target_skip_unavailable': False, 'install_base': '/home/edw/Documents/uwrt/software_challenge/install/software_training', 'merge_install': False, 'path': '/home/edw/Documents/uwrt/software_challenge/src/software_training', 'symlink_install': False, 'test_result_base': None}
[0.341s] INFO:colcon.colcon_core.executor:Executing jobs using 'parallel' executor
[0.345s] DEBUG:colcon.colcon_parallel_executor.executor.parallel:run_until_complete
[0.346s] INFO:colcon.colcon_ros.task.ament_cmake.build:Building ROS package in '/home/edw/Documents/uwrt/software_challenge/src/software_training' with build type 'ament_cmake'
[0.346s] INFO:colcon.colcon_cmake.task.cmake.build:Building CMake package in '/home/edw/Documents/uwrt/software_challenge/src/software_training'
[0.350s] INFO:colcon.colcon_core.plugin_system:Skipping extension 'colcon_core.shell.bat': Not used on non-Windows systems
[0.350s] INFO:colcon.colcon_core.shell:Skip shell extension 'powershell' for command environment: Not usable outside of PowerShell
[0.350s] DEBUG:colcon.colcon_core.shell:Skip shell extension 'dsv' for command environment
[0.367s] DEBUG:colcon.colcon_core.event_handler.log_command:Invoking command in '/home/edw/Documents/uwrt/software_challenge/build/software_training': CMAKE_PREFIX_PATH=/opt/ros/galactic CONDA_PROMPT_MODIFIER=(base) /usr/local/bin/cmake --build /home/edw/Documents/uwrt/software_challenge/build/software_training -- -j12 -l12
[2.944s] DEBUG:colcon.colcon_core.event_handler.log_command:Invoked command in '/home/edw/Documents/uwrt/software_challenge/build/software_training' returned '0': CMAKE_PREFIX_PATH=/opt/ros/galactic CONDA_PROMPT_MODIFIER=(base) /usr/local/bin/cmake --build /home/edw/Documents/uwrt/software_challenge/build/software_training -- -j12 -l12
[2.980s] DEBUG:colcon.colcon_core.event_handler.log_command:Invoking command in '/home/edw/Documents/uwrt/software_challenge/build/software_training': CMAKE_PREFIX_PATH=/opt/ros/galactic CONDA_PROMPT_MODIFIER=(base) /usr/local/bin/cmake --install /home/edw/Documents/uwrt/software_challenge/build/software_training
[2.986s] Level 1:colcon.colcon_core.environment:create_environment_scripts_only(software_training)
[2.987s] DEBUG:colcon.colcon_core.event_handler.log_command:Invoked command in '/home/edw/Documents/uwrt/software_challenge/build/software_training' returned '0': CMAKE_PREFIX_PATH=/opt/ros/galactic CONDA_PROMPT_MODIFIER=(base) /usr/local/bin/cmake --install /home/edw/Documents/uwrt/software_challenge/build/software_training
[2.993s] Level 1:colcon.colcon_core.environment:checking '/home/edw/Documents/uwrt/software_challenge/install/software_training' for CMake module files
[2.994s] Level 1:colcon.colcon_core.environment:checking '/home/edw/Documents/uwrt/software_challenge/install/software_training' for CMake config files
[2.994s] Level 1:colcon.colcon_core.shell:create_environment_hook('software_training', 'cmake_prefix_path')
[2.996s] INFO:colcon.colcon_core.shell:Creating environment hook '/home/edw/Documents/uwrt/software_challenge/install/software_training/share/software_training/hook/cmake_prefix_path.ps1'
[2.997s] INFO:colcon.colcon_core.shell:Creating environment descriptor '/home/edw/Documents/uwrt/software_challenge/install/software_training/share/software_training/hook/cmake_prefix_path.dsv'
[2.998s] INFO:colcon.colcon_core.shell:Creating environment hook '/home/edw/Documents/uwrt/software_challenge/install/software_training/share/software_training/hook/cmake_prefix_path.sh'
[2.999s] Level 1:colcon.colcon_core.environment:checking '/home/edw/Documents/uwrt/software_challenge/install/software_training/lib'
[2.999s] Level 1:colcon.colcon_core.environment:checking '/home/edw/Documents/uwrt/software_challenge/install/software_training/bin'
[2.999s] Level 1:colcon.colcon_core.environment:checking '/home/edw/Documents/uwrt/software_challenge/install/software_training/lib/pkgconfig/software_training.pc'
[2.999s] Level 1:colcon.colcon_core.environment:checking '/home/edw/Documents/uwrt/software_challenge/install/software_training/lib/python3.8/site-packages'
[3.000s] Level 1:colcon.colcon_core.environment:checking '/home/edw/Documents/uwrt/software_challenge/install/software_training/bin'
[3.001s] INFO:colcon.colcon_core.shell:Creating package script '/home/edw/Documents/uwrt/software_challenge/install/software_training/share/software_training/package.ps1'
[3.002s] INFO:colcon.colcon_core.shell:Creating package descriptor '/home/edw/Documents/uwrt/software_challenge/install/software_training/share/software_training/package.dsv'
[3.002s] INFO:colcon.colcon_core.shell:Creating package script '/home/edw/Documents/uwrt/software_challenge/install/software_training/share/software_training/package.sh'
[3.003s] INFO:colcon.colcon_core.shell:Creating package script '/home/edw/Documents/uwrt/software_challenge/install/software_training/share/software_training/package.bash'
[3.004s] INFO:colcon.colcon_core.shell:Creating package script '/home/edw/Documents/uwrt/software_challenge/install/software_training/share/software_training/package.zsh'
[3.004s] Level 1:colcon.colcon_core.environment:create_file_with_runtime_dependencies(/home/edw/Documents/uwrt/software_challenge/install/software_training/share/colcon-core/packages/software_training)
[3.027s] Level 1:colcon.colcon_core.environment:create_environment_scripts_only(software_training)
[3.030s] Level 1:colcon.colcon_core.environment:checking '/home/edw/Documents/uwrt/software_challenge/install/software_training' for CMake module files
[3.031s] Level 1:colcon.colcon_core.environment:checking '/home/edw/Documents/uwrt/software_challenge/install/software_training' for CMake config files
[3.031s] Level 1:colcon.colcon_core.shell:create_environment_hook('software_training', 'cmake_prefix_path')
[3.033s] INFO:colcon.colcon_core.shell:Creating environment hook '/home/edw/Documents/uwrt/software_challenge/install/software_training/share/software_training/hook/cmake_prefix_path.ps1'
[3.034s] INFO:colcon.colcon_core.shell:Creating environment descriptor '/home/edw/Documents/uwrt/software_challenge/install/software_training/share/software_training/hook/cmake_prefix_path.dsv'
[3.034s] INFO:colcon.colcon_core.shell:Creating environment hook '/home/edw/Documents/uwrt/software_challenge/install/software_training/share/software_training/hook/cmake_prefix_path.sh'
[3.035s] Level 1:colcon.colcon_core.environment:checking '/home/edw/Documents/uwrt/software_challenge/install/software_training/lib'
[3.035s] Level 1:colcon.colcon_core.environment:checking '/home/edw/Documents/uwrt/software_challenge/install/software_training/bin'
[3.035s] Level 1:colcon.colcon_core.environment:checking '/home/edw/Documents/uwrt/software_challenge/install/software_training/lib/pkgconfig/software_training.pc'
[3.036s] Level 1:colcon.colcon_core.environment:checking '/home/edw/Documents/uwrt/software_challenge/install/software_training/lib/python3.8/site-packages'
[3.036s] Level 1:colcon.colcon_core.environment:checking '/home/edw/Documents/uwrt/software_challenge/install/software_training/bin'
[3.038s] INFO:colcon.colcon_core.shell:Creating package script '/home/edw/Documents/uwrt/software_challenge/install/software_training/share/software_training/package.ps1'
[3.038s] INFO:colcon.colcon_core.shell:Creating package descriptor '/home/edw/Documents/uwrt/software_challenge/install/software_training/share/software_training/package.dsv'
[3.039s] INFO:colcon.colcon_core.shell:Creating package script '/home/edw/Documents/uwrt/software_challenge/install/software_training/share/software_training/package.sh'
[3.039s] INFO:colcon.colcon_core.shell:Creating package script '/home/edw/Documents/uwrt/software_challenge/install/software_training/share/software_training/package.bash'
[3.040s] INFO:colcon.colcon_core.shell:Creating package script '/home/edw/Documents/uwrt/software_challenge/install/software_training/share/software_training/package.zsh'
[3.040s] Level 1:colcon.colcon_core.environment:create_file_with_runtime_dependencies(/home/edw/Documents/uwrt/software_challenge/install/software_training/share/colcon-core/packages/software_training)
[3.040s] DEBUG:colcon.colcon_parallel_executor.executor.parallel:closing loop
[3.041s] DEBUG:colcon.colcon_parallel_executor.executor.parallel:loop closed
[3.041s] DEBUG:colcon.colcon_parallel_executor.executor.parallel:run_until_complete finished with '0'
[3.041s] DEBUG:colcon.colcon_core.event_reactor:joining thread
[3.052s] INFO:colcon.colcon_core.plugin_system:Skipping extension 'colcon_notification.desktop_notification.terminal_notifier': Not used on non-Darwin systems
[3.053s] INFO:colcon.colcon_core.plugin_system:Skipping extension 'colcon_notification.desktop_notification.win32': Not used on non-Windows systems
[3.053s] INFO:colcon.colcon_notification.desktop_notification:Sending desktop notification using 'notify2'
[3.075s] DEBUG:colcon.colcon_core.event_reactor:joined thread
[3.077s] INFO:colcon.colcon_core.shell:Creating prefix script '/home/edw/Documents/uwrt/software_challenge/install/local_setup.ps1'
[3.079s] INFO:colcon.colcon_core.shell:Creating prefix util module '/home/edw/Documents/uwrt/software_challenge/install/_local_setup_util_ps1.py'
[3.082s] INFO:colcon.colcon_core.shell:Creating prefix chain script '/home/edw/Documents/uwrt/software_challenge/install/setup.ps1'
[3.084s] INFO:colcon.colcon_core.shell:Creating prefix script '/home/edw/Documents/uwrt/software_challenge/install/local_setup.sh'
[3.085s] INFO:colcon.colcon_core.shell:Creating prefix util module '/home/edw/Documents/uwrt/software_challenge/install/_local_setup_util_sh.py'
[3.085s] INFO:colcon.colcon_core.shell:Creating prefix chain script '/home/edw/Documents/uwrt/software_challenge/install/setup.sh'
[3.087s] INFO:colcon.colcon_core.shell:Creating prefix script '/home/edw/Documents/uwrt/software_challenge/install/local_setup.bash'
[3.087s] INFO:colcon.colcon_core.shell:Creating prefix chain script '/home/edw/Documents/uwrt/software_challenge/install/setup.bash'
[3.089s] INFO:colcon.colcon_core.shell:Creating prefix script '/home/edw/Documents/uwrt/software_challenge/install/local_setup.zsh'
[3.089s] INFO:colcon.colcon_core.shell:Creating prefix chain script '/home/edw/Documents/uwrt/software_challenge/install/setup.zsh'
