[0.021s] Invoking command in '/home/edw/Documents/uwrt/software_challenge/build/software_training': CMAKE_PREFIX_PATH=/opt/ros/galactic CONDA_PROMPT_MODIFIER=(base) /usr/local/bin/cmake --build /home/edw/Documents/uwrt/software_challenge/build/software_training -- -j12 -l12
[0.057s] [ 50%] [32mBuilding CXX object CMakeFiles/p1.dir/src/p1_clear.cpp.o[0m
[0.360s] [100%] [32m[1mLinking CXX executable p1[0m
[0.508s] [100%] Built target p1
[0.515s] Invoked command in '/home/edw/Documents/uwrt/software_challenge/build/software_training' returned '0': CMAKE_PREFIX_PATH=/opt/ros/galactic CONDA_PROMPT_MODIFIER=(base) /usr/local/bin/cmake --build /home/edw/Documents/uwrt/software_challenge/build/software_training -- -j12 -l12
[0.555s] Invoking command in '/home/edw/Documents/uwrt/software_challenge/build/software_training': CMAKE_PREFIX_PATH=/opt/ros/galactic CONDA_PROMPT_MODIFIER=(base) /usr/local/bin/cmake --install /home/edw/Documents/uwrt/software_challenge/build/software_training
[0.563s] -- Install configuration: ""
[0.563s] -- Installing: /home/edw/Documents/uwrt/software_challenge/install/software_training/lib/software_training/p1
[0.564s] -- Set runtime path of "/home/edw/Documents/uwrt/software_challenge/install/software_training/lib/software_training/p1" to ""
[0.564s] -- Up-to-date: /home/edw/Documents/uwrt/software_challenge/install/software_training/share/ament_index/resource_index/package_run_dependencies/software_training
[0.565s] -- Up-to-date: /home/edw/Documents/uwrt/software_challenge/install/software_training/share/ament_index/resource_index/parent_prefix_path/software_training
[0.565s] -- Up-to-date: /home/edw/Documents/uwrt/software_challenge/install/software_training/share/software_training/environment/ament_prefix_path.sh
[0.565s] -- Installing: /home/edw/Documents/uwrt/software_challenge/install/software_training/share/software_training/environment/ament_prefix_path.dsv
[0.566s] -- Up-to-date: /home/edw/Documents/uwrt/software_challenge/install/software_training/share/software_training/environment/path.sh
[0.566s] -- Installing: /home/edw/Documents/uwrt/software_challenge/install/software_training/share/software_training/environment/path.dsv
[0.566s] -- Up-to-date: /home/edw/Documents/uwrt/software_challenge/install/software_training/share/software_training/local_setup.bash
[0.567s] -- Up-to-date: /home/edw/Documents/uwrt/software_challenge/install/software_training/share/software_training/local_setup.sh
[0.567s] -- Up-to-date: /home/edw/Documents/uwrt/software_challenge/install/software_training/share/software_training/local_setup.zsh
[0.567s] -- Installing: /home/edw/Documents/uwrt/software_challenge/install/software_training/share/software_training/local_setup.dsv
[0.570s] -- Installing: /home/edw/Documents/uwrt/software_challenge/install/software_training/share/software_training/package.dsv
[0.573s] -- Up-to-date: /home/edw/Documents/uwrt/software_challenge/install/software_training/share/ament_index/resource_index/packages/software_training
[0.573s] -- Up-to-date: /home/edw/Documents/uwrt/software_challenge/install/software_training/share/software_training/cmake/software_trainingConfig.cmake
[0.573s] -- Up-to-date: /home/edw/Documents/uwrt/software_challenge/install/software_training/share/software_training/cmake/software_trainingConfig-version.cmake
[0.573s] -- Up-to-date: /home/edw/Documents/uwrt/software_challenge/install/software_training/share/software_training/package.xml
[0.574s] Invoked command in '/home/edw/Documents/uwrt/software_challenge/build/software_training' returned '0': CMAKE_PREFIX_PATH=/opt/ros/galactic CONDA_PROMPT_MODIFIER=(base) /usr/local/bin/cmake --install /home/edw/Documents/uwrt/software_challenge/build/software_training
