Performing C SOURCE FILE Test CMAKE_HAVE_LIBC_PTHREAD failed with the following output:
Change Dir: /home/edw/Documents/uwrt/software_challenge/build/software_training/CMakeFiles/CMakeScratch/TryCompile-9RIclV

Run Build Command(s):/usr/bin/make -f Makefile cmTC_f1f6e/fast && make[1]: Entering directory '/home/edw/Documents/uwrt/software_challenge/build/software_training/CMakeFiles/CMakeScratch/TryCompile-9RIclV'
/usr/bin/make  -f CMakeFiles/cmTC_f1f6e.dir/build.make CMakeFiles/cmTC_f1f6e.dir/build
make[2]: Entering directory '/home/edw/Documents/uwrt/software_challenge/build/software_training/CMakeFiles/CMakeScratch/TryCompile-9RIclV'
Building C object CMakeFiles/cmTC_f1f6e.dir/src.c.o
/usr/bin/clang -DCMAKE_HAVE_LIBC_PTHREAD   -MD -MT CMakeFiles/cmTC_f1f6e.dir/src.c.o -MF CMakeFiles/cmTC_f1f6e.dir/src.c.o.d -o CMakeFiles/cmTC_f1f6e.dir/src.c.o -c /home/edw/Documents/uwrt/software_challenge/build/software_training/CMakeFiles/CMakeScratch/TryCompile-9RIclV/src.c
Linking C executable cmTC_f1f6e
/usr/local/bin/cmake -E cmake_link_script CMakeFiles/cmTC_f1f6e.dir/link.txt --verbose=1
/usr/bin/clang CMakeFiles/cmTC_f1f6e.dir/src.c.o -o cmTC_f1f6e 
/usr/bin/ld: CMakeFiles/cmTC_f1f6e.dir/src.c.o: in function `main':
src.c:(.text+0x25): undefined reference to `pthread_create'
/usr/bin/ld: src.c:(.text+0x31): undefined reference to `pthread_detach'
/usr/bin/ld: src.c:(.text+0x3d): undefined reference to `pthread_cancel'
/usr/bin/ld: src.c:(.text+0x4f): undefined reference to `pthread_join'
clang: error: linker command failed with exit code 1 (use -v to see invocation)
make[2]: *** [CMakeFiles/cmTC_f1f6e.dir/build.make:100: cmTC_f1f6e] Error 1
make[2]: Leaving directory '/home/edw/Documents/uwrt/software_challenge/build/software_training/CMakeFiles/CMakeScratch/TryCompile-9RIclV'
make[1]: *** [Makefile:127: cmTC_f1f6e/fast] Error 2
make[1]: Leaving directory '/home/edw/Documents/uwrt/software_challenge/build/software_training/CMakeFiles/CMakeScratch/TryCompile-9RIclV'


Source file was:
#include <pthread.h>

static void* test_func(void* data)
{
  return data;
}

int main(void)
{
  pthread_t thread;
  pthread_create(&thread, NULL, test_func, NULL);
  pthread_detach(thread);
  pthread_cancel(thread);
  pthread_join(thread, NULL);
  pthread_atfork(NULL, NULL, NULL);
  pthread_exit(NULL);

  return 0;
}


Determining if the function pthread_create exists in the pthreads failed with the following output:
Change Dir: /home/edw/Documents/uwrt/software_challenge/build/software_training/CMakeFiles/CMakeScratch/TryCompile-NxRDVV

Run Build Command(s):/usr/bin/make -f Makefile cmTC_a7fec/fast && make[1]: Entering directory '/home/edw/Documents/uwrt/software_challenge/build/software_training/CMakeFiles/CMakeScratch/TryCompile-NxRDVV'
/usr/bin/make  -f CMakeFiles/cmTC_a7fec.dir/build.make CMakeFiles/cmTC_a7fec.dir/build
make[2]: Entering directory '/home/edw/Documents/uwrt/software_challenge/build/software_training/CMakeFiles/CMakeScratch/TryCompile-NxRDVV'
Building C object CMakeFiles/cmTC_a7fec.dir/CheckFunctionExists.c.o
/usr/bin/clang   -DCHECK_FUNCTION_EXISTS=pthread_create -MD -MT CMakeFiles/cmTC_a7fec.dir/CheckFunctionExists.c.o -MF CMakeFiles/cmTC_a7fec.dir/CheckFunctionExists.c.o.d -o CMakeFiles/cmTC_a7fec.dir/CheckFunctionExists.c.o -c /home/edw/Documents/uwrt/software_challenge/build/software_training/CMakeFiles/CMakeScratch/TryCompile-NxRDVV/CheckFunctionExists.c
Linking C executable cmTC_a7fec
/usr/local/bin/cmake -E cmake_link_script CMakeFiles/cmTC_a7fec.dir/link.txt --verbose=1
/usr/bin/clang  -DCHECK_FUNCTION_EXISTS=pthread_create CMakeFiles/cmTC_a7fec.dir/CheckFunctionExists.c.o -o cmTC_a7fec  -lpthreads 
/usr/bin/ld: cannot find -lpthreads
clang: error: linker command failed with exit code 1 (use -v to see invocation)
make[2]: *** [CMakeFiles/cmTC_a7fec.dir/build.make:100: cmTC_a7fec] Error 1
make[2]: Leaving directory '/home/edw/Documents/uwrt/software_challenge/build/software_training/CMakeFiles/CMakeScratch/TryCompile-NxRDVV'
make[1]: *** [Makefile:127: cmTC_a7fec/fast] Error 2
make[1]: Leaving directory '/home/edw/Documents/uwrt/software_challenge/build/software_training/CMakeFiles/CMakeScratch/TryCompile-NxRDVV'



