-- The C compiler identification is Clang 10.0.0
-- The CXX compiler identification is Clang 10.0.0
-- Detecting C compiler ABI info
-- Detecting C compiler ABI info - done
-- Check for working C compiler: /usr/bin/clang - skipped
-- Detecting C compile features
-- Detecting C compile features - done
-- Detecting CXX compiler ABI info
-- Detecting CXX compiler ABI info - done
-- Check for working CXX compiler: /usr/bin/clang++ - skipped
-- Detecting CXX compile features
-- Detecting CXX compile features - done
-- Found ament_cmake: 1.1.5 (/opt/ros/galactic/share/ament_cmake/cmake)
-- Found PythonInterp: /home/edw/anaconda3/bin/python3 (found suitable version "3.9.7", minimum required is "3") 
-- Using PYTHON_EXECUTABLE: /home/edw/anaconda3/bin/python3
-- Found ament_lint_auto: 0.10.7 (/opt/ros/galactic/share/ament_lint_auto/cmake)
-- Added test 'copyright' to check source files copyright and LICENSE
-- Added test 'lint_cmake' to check CMake code style
-- Added test 'xmllint' to check XML markup files
-- Configuring done
-- Generating done
-- Build files have been written to: /home/edw/Documents/uwrt/software_challenge/build/software_training
-- Install configuration: ""
-- Installing: /home/edw/Documents/uwrt/software_challenge/install/software_training/share/ament_index/resource_index/package_run_dependencies/software_training
-- Installing: /home/edw/Documents/uwrt/software_challenge/install/software_training/share/ament_index/resource_index/parent_prefix_path/software_training
-- Installing: /home/edw/Documents/uwrt/software_challenge/install/software_training/share/software_training/environment/ament_prefix_path.sh
-- Installing: /home/edw/Documents/uwrt/software_challenge/install/software_training/share/software_training/environment/ament_prefix_path.dsv
-- Installing: /home/edw/Documents/uwrt/software_challenge/install/software_training/share/software_training/environment/path.sh
-- Installing: /home/edw/Documents/uwrt/software_challenge/install/software_training/share/software_training/environment/path.dsv
-- Installing: /home/edw/Documents/uwrt/software_challenge/install/software_training/share/software_training/local_setup.bash
-- Installing: /home/edw/Documents/uwrt/software_challenge/install/software_training/share/software_training/local_setup.sh
-- Installing: /home/edw/Documents/uwrt/software_challenge/install/software_training/share/software_training/local_setup.zsh
-- Installing: /home/edw/Documents/uwrt/software_challenge/install/software_training/share/software_training/local_setup.dsv
-- Installing: /home/edw/Documents/uwrt/software_challenge/install/software_training/share/software_training/package.dsv
-- Installing: /home/edw/Documents/uwrt/software_challenge/install/software_training/share/ament_index/resource_index/packages/software_training
-- Installing: /home/edw/Documents/uwrt/software_challenge/install/software_training/share/software_training/cmake/software_trainingConfig.cmake
-- Installing: /home/edw/Documents/uwrt/software_challenge/install/software_training/share/software_training/cmake/software_trainingConfig-version.cmake
-- Installing: /home/edw/Documents/uwrt/software_challenge/install/software_training/share/software_training/package.xml
