[ 50%] [32mBuilding CXX object CMakeFiles/p1.dir/src/p1_clear.cpp.o[0m
[100%] [32m[1mLinking CXX shared library libp1.so[0m
[100%] Built target p1
-- Install configuration: ""
-- Installing: /home/edw/Documents/uwrt/software_challenge/install/software_training/lib/software_training/libp1.so
-- Set runtime path of "/home/edw/Documents/uwrt/software_challenge/install/software_training/lib/software_training/libp1.so" to ""
-- Up-to-date: /home/edw/Documents/uwrt/software_challenge/install/software_training/share/ament_index/resource_index/package_run_dependencies/software_training
-- Up-to-date: /home/edw/Documents/uwrt/software_challenge/install/software_training/share/ament_index/resource_index/parent_prefix_path/software_training
-- Up-to-date: /home/edw/Documents/uwrt/software_challenge/install/software_training/share/software_training/environment/ament_prefix_path.sh
-- Installing: /home/edw/Documents/uwrt/software_challenge/install/software_training/share/software_training/environment/ament_prefix_path.dsv
-- Up-to-date: /home/edw/Documents/uwrt/software_challenge/install/software_training/share/software_training/environment/path.sh
-- Installing: /home/edw/Documents/uwrt/software_challenge/install/software_training/share/software_training/environment/path.dsv
-- Up-to-date: /home/edw/Documents/uwrt/software_challenge/install/software_training/share/software_training/local_setup.bash
-- Up-to-date: /home/edw/Documents/uwrt/software_challenge/install/software_training/share/software_training/local_setup.sh
-- Up-to-date: /home/edw/Documents/uwrt/software_challenge/install/software_training/share/software_training/local_setup.zsh
-- Installing: /home/edw/Documents/uwrt/software_challenge/install/software_training/share/software_training/local_setup.dsv
-- Installing: /home/edw/Documents/uwrt/software_challenge/install/software_training/share/software_training/package.dsv
-- Up-to-date: /home/edw/Documents/uwrt/software_challenge/install/software_training/share/ament_index/resource_index/packages/software_training
-- Up-to-date: /home/edw/Documents/uwrt/software_challenge/install/software_training/share/software_training/cmake/software_trainingConfig.cmake
-- Up-to-date: /home/edw/Documents/uwrt/software_challenge/install/software_training/share/software_training/cmake/software_trainingConfig-version.cmake
-- Installing: /home/edw/Documents/uwrt/software_challenge/install/software_training/share/software_training/package.xml
